<?xml version="1.0" encoding="UTF-8"?>
<testsuite name="io.klvl.AdditionGetTest" tests="1" skipped="0" failures="0" errors="0" timestamp="2023-02-04T11:23:51" hostname="MBP-Admin.lan" time="0.652">
  <properties/>
  <testcase name="zeroAndZeroAdditionGetTest()" classname="io.klvl.AdditionGetTest" time="0.652"/>
  <system-out><![CDATA[]]></system-out>
  <system-err><![CDATA[SLF4J: Failed to load class "org.slf4j.impl.StaticLoggerBinder".
SLF4J: Defaulting to no-operation (NOP) logger implementation
SLF4J: See http://www.slf4j.org/codes.html#StaticLoggerBinder for further details.
]]></system-err>
</testsuite>
